2017-07-28 09:22:14[org.springframework.context.support.ClassPathXmlApplicationContext] [main:0] - [INFO]  Refreshing org.springframework.context.support.ClassPathXmlApplicationContext@7a765367: startup date [Fri Jul 28 09:22:14 CST 2017]; root of context hierarchy
2017-07-28 09:22:15[org.springframework.beans.factory.xml.XmlBeanDefinitionReader] [main:969] - [INFO]  Loading XML bean definitions from class path resource [applicationContext.xml]
2017-07-28 09:22:22[org.springframework.beans.factory.config.PropertyPlaceholderConfigurer] [main:7715] - [INFO]  Loading properties file from class path resource [init.properties]
2017-07-28 09:22:24[com.mchange.v2.log.MLog] [MLog-Init-Reporter:9443] - [INFO]  MLog clients using slf4j logging.
2017-07-28 09:22:25[com.mchange.v2.c3p0.C3P0Registry] [main:11103] - [INFO]  Initializing c3p0-0.9.5.2 [built 08-December-2015 22:06:04 -0800; debug? true; trace: 10]
2017-07-28 09:22:36[org.hibernate.Version] [main:21527] - [INFO]  HHH000412: Hibernate Core {5.0.8.Final}
2017-07-28 09:22:36[org.hibernate.cfg.Environment] [main:21588] - [INFO]  HHH000206: hibernate.properties not found
2017-07-28 09:22:36[org.hibernate.cfg.Environment] [main:21604] - [INFO]  HHH000021: Bytecode provider name : javassist
2017-07-28 09:22:38[org.hibernate.annotations.common.Version] [main:23764] - [INFO]  HCANN000001: Hibernate Commons Annotations {5.0.1.Final}
2017-07-28 09:22:41[com.mchange.v2.c3p0.impl.AbstractPoolBackedDataSource] [main:27326] - [INFO]  Initializing c3p0 pool... com.mchange.v2.c3p0.ComboPooledDataSource [ acquireIncrement -> 5, acquireRetryAttempts -> 30, acquireRetryDelay -> 1000, autoCommitOnClose -> false, automaticTestTable -> null, breakAfterAcquireFailure -> false, checkoutTimeout -> 30000, connectionCustomizerClassName -> null, connectionTesterClassName -> com.mchange.v2.c3p0.impl.DefaultConnectionTester, contextClassLoaderSource -> caller, dataSourceName -> 1bqudj89p11ecrg84pvkyg|3d2ee678, debugUnreturnedConnectionStackTraces -> false, description -> null, driverClass -> com.mysql.jdbc.Driver, extensions -> {}, factoryClassLocation -> null, forceIgnoreUnresolvedTransactions -> false, forceSynchronousCheckins -> false, forceUseNamedDriverClass -> false, identityToken -> 1bqudj89p11ecrg84pvkyg|3d2ee678, idleConnectionTestPeriod -> 30, initialPoolSize -> 5, jdbcUrl -> jdbc:mysql://127.0.0.1:3306/yugh?useUnicode=true&characterEncoding=utf-8, maxAdministrativeTaskTime -> 0, maxConnectionAge -> 0, maxIdleTime -> 30, maxIdleTimeExcessConnections -> 0, maxPoolSize -> 20, maxStatements -> 0, maxStatementsPerConnection -> 0, minPoolSize -> 5, numHelperThreads -> 3, preferredTestQuery -> null, privilegeSpawnedThreads -> false, properties -> {user=******, password=******}, propertyCycle -> 0, statementCacheNumDeferredCloseThreads -> 0, testConnectionOnCheckin -> false, testConnectionOnCheckout -> false, unreturnedConnectionTimeout -> 0, userOverrides -> {}, usesTraditionalReflectiveProxies -> false ]
2017-07-28 09:22:47[org.springframework.context.support.ClassPathXmlApplicationContext] [main:0] - [INFO]  Refreshing org.springframework.context.support.ClassPathXmlApplicationContext@3339ad8e: startup date [Fri Jul 28 09:22:47 CST 2017]; root of context hierarchy
2017-07-28 09:22:47[org.springframework.beans.factory.xml.XmlBeanDefinitionReader] [main:34] - [INFO]  Loading XML bean definitions from class path resource [applicationContext.xml]
2017-07-28 09:22:48[org.springframework.beans.factory.config.PropertyPlaceholderConfigurer] [main:323] - [INFO]  Loading properties file from class path resource [init.properties]
2017-07-28 09:22:48[com.mchange.v2.log.MLog] [MLog-Init-Reporter:371] - [INFO]  MLog clients using slf4j logging.
2017-07-28 09:22:48[com.mchange.v2.c3p0.C3P0Registry] [main:529] - [INFO]  Initializing c3p0-0.9.5.2 [built 08-December-2015 22:06:04 -0800; debug? true; trace: 10]
2017-07-28 09:22:48[org.hibernate.Version] [main:849] - [INFO]  HHH000412: Hibernate Core {5.0.8.Final}
2017-07-28 09:22:48[org.hibernate.cfg.Environment] [main:850] - [INFO]  HHH000206: hibernate.properties not found
2017-07-28 09:22:48[org.hibernate.cfg.Environment] [main:851] - [INFO]  HHH000021: Bytecode provider name : javassist
2017-07-28 09:22:48[org.hibernate.annotations.common.Version] [main:908] - [INFO]  HCANN000001: Hibernate Commons Annotations {5.0.1.Final}
2017-07-28 09:22:48[com.mchange.v2.c3p0.impl.AbstractPoolBackedDataSource] [main:987] - [INFO]  Initializing c3p0 pool... com.mchange.v2.c3p0.ComboPooledDataSource [ acquireIncrement -> 5, acquireRetryAttempts -> 30, acquireRetryDelay -> 1000, autoCommitOnClose -> false, automaticTestTable -> null, breakAfterAcquireFailure -> false, checkoutTimeout -> 30000, connectionCustomizerClassName -> null, connectionTesterClassName -> com.mchange.v2.c3p0.impl.DefaultConnectionTester, contextClassLoaderSource -> caller, dataSourceName -> 1bqudj89p11ed9ie160rw53|17a7f733, debugUnreturnedConnectionStackTraces -> false, description -> null, driverClass -> com.mysql.jdbc.Driver, extensions -> {}, factoryClassLocation -> null, forceIgnoreUnresolvedTransactions -> false, forceSynchronousCheckins -> false, forceUseNamedDriverClass -> false, identityToken -> 1bqudj89p11ed9ie160rw53|17a7f733, idleConnectionTestPeriod -> 30, initialPoolSize -> 5, jdbcUrl -> jdbc:mysql://127.0.0.1:3306/yugh?useUnicode=true&characterEncoding=utf-8, maxAdministrativeTaskTime -> 0, maxConnectionAge -> 0, maxIdleTime -> 30, maxIdleTimeExcessConnections -> 0, maxPoolSize -> 20, maxStatements -> 0, maxStatementsPerConnection -> 0, minPoolSize -> 5, numHelperThreads -> 3, preferredTestQuery -> null, privilegeSpawnedThreads -> false, properties -> {user=******, password=******}, propertyCycle -> 0, statementCacheNumDeferredCloseThreads -> 0, testConnectionOnCheckin -> false, testConnectionOnCheckout -> false, unreturnedConnectionTimeout -> 0, userOverrides -> {}, usesTraditionalReflectiveProxies -> false ]
2017-07-28 09:22:49[org.hibernate.dialect.Dialect] [main:1205] - [INFO]  HHH000400: Using dialect: org.hibernate.dialect.MySQLDialect
2017-07-28 09:22:49[org.hibernate.engine.jdbc.env.internal.LobCreatorBuilderImpl] [main:1236] - [INFO]  HHH000423: Disabling contextual LOB creation as JDBC driver reported JDBC version [3] less than 4
2017-07-28 09:22:49[org.hibernate.tool.hbm2ddl.SchemaUpdate] [main:1347] - [INFO]  HHH000228: Running hbm2ddl schema update
2017-07-28 09:22:49[org.springframework.orm.hibernate5.HibernateTransactionManager] [main:1402] - [INFO]  Using DataSource [com.mchange.v2.c3p0.ComboPooledDataSource[ identityToken -> 1bqudj89p11ed9ie160rw53|17a7f733, dataSourceName -> 1bqudj89p11ed9ie160rw53|17a7f733 ]] of Hibernate SessionFactory for HibernateTransactionManager
2017-07-28 09:22:49[org.springframework.context.support.ClassPathXmlApplicationContext] [main:1455] - [WARN]  Exception encountered during context initialization - cancelling refresh attempt: org.springframework.beans.factory.BeanCreationException: Error creating bean with name 'jdbcTemplateTool' defined in class path resource [applicationContext.xml]: Error setting property values; nested exception is org.springframework.beans.NotWritablePropertyException: Invalid property 'dataSource' of bean class [org.crazycake.jdbcTemplateTool.JdbcTemplateTool]: Bean property 'dataSource' is not writable or has an invalid setter method. Does the parameter type of the setter match the return type of the getter?
2017-07-28 09:27:01[org.springframework.context.support.ClassPathXmlApplicationContext] [main:0] - [INFO]  Refreshing org.springframework.context.support.ClassPathXmlApplicationContext@80503: startup date [Fri Jul 28 09:27:01 CST 2017]; root of context hierarchy
2017-07-28 09:27:02[org.springframework.beans.factory.xml.XmlBeanDefinitionReader] [main:41] - [INFO]  Loading XML bean definitions from class path resource [applicationContext.xml]
2017-07-28 09:27:02[org.springframework.beans.factory.config.PropertyPlaceholderConfigurer] [main:376] - [INFO]  Loading properties file from class path resource [init.properties]
2017-07-28 09:27:02[com.mchange.v2.log.MLog] [MLog-Init-Reporter:437] - [INFO]  MLog clients using slf4j logging.
2017-07-28 09:27:02[com.mchange.v2.c3p0.C3P0Registry] [main:603] - [INFO]  Initializing c3p0-0.9.5.2 [built 08-December-2015 22:06:04 -0800; debug? true; trace: 10]
2017-07-28 09:27:02[org.hibernate.Version] [main:993] - [INFO]  HHH000412: Hibernate Core {5.0.8.Final}
2017-07-28 09:27:02[org.hibernate.cfg.Environment] [main:994] - [INFO]  HHH000206: hibernate.properties not found
2017-07-28 09:27:02[org.hibernate.cfg.Environment] [main:995] - [INFO]  HHH000021: Bytecode provider name : javassist
2017-07-28 09:27:03[org.hibernate.annotations.common.Version] [main:1062] - [INFO]  HCANN000001: Hibernate Commons Annotations {5.0.1.Final}
2017-07-28 09:27:03[com.mchange.v2.c3p0.impl.AbstractPoolBackedDataSource] [main:1167] - [INFO]  Initializing c3p0 pool... com.mchange.v2.c3p0.ComboPooledDataSource [ acquireIncrement -> 5, acquireRetryAttempts -> 30, acquireRetryDelay -> 1000, autoCommitOnClose -> false, automaticTestTable -> null, breakAfterAcquireFailure -> false, checkoutTimeout -> 30000, connectionCustomizerClassName -> null, connectionTesterClassName -> com.mchange.v2.c3p0.impl.DefaultConnectionTester, contextClassLoaderSource -> caller, dataSourceName -> 1bqudj89p11eipm14ad22i|2fc6f97f, debugUnreturnedConnectionStackTraces -> false, description -> null, driverClass -> com.mysql.jdbc.Driver, extensions -> {}, factoryClassLocation -> null, forceIgnoreUnresolvedTransactions -> false, forceSynchronousCheckins -> false, forceUseNamedDriverClass -> false, identityToken -> 1bqudj89p11eipm14ad22i|2fc6f97f, idleConnectionTestPeriod -> 30, initialPoolSize -> 5, jdbcUrl -> jdbc:mysql://127.0.0.1:3306/yugh?useUnicode=true&characterEncoding=utf-8, maxAdministrativeTaskTime -> 0, maxConnectionAge -> 0, maxIdleTime -> 30, maxIdleTimeExcessConnections -> 0, maxPoolSize -> 20, maxStatements -> 0, maxStatementsPerConnection -> 0, minPoolSize -> 5, numHelperThreads -> 3, preferredTestQuery -> null, privilegeSpawnedThreads -> false, properties -> {user=******, password=******}, propertyCycle -> 0, statementCacheNumDeferredCloseThreads -> 0, testConnectionOnCheckin -> false, testConnectionOnCheckout -> false, unreturnedConnectionTimeout -> 0, userOverrides -> {}, usesTraditionalReflectiveProxies -> false ]
2017-07-28 09:27:04[org.hibernate.dialect.Dialect] [main:2383] - [INFO]  HHH000400: Using dialect: org.hibernate.dialect.MySQLDialect
2017-07-28 09:27:04[org.hibernate.engine.jdbc.env.internal.LobCreatorBuilderImpl] [main:2427] - [INFO]  HHH000423: Disabling contextual LOB creation as JDBC driver reported JDBC version [3] less than 4
2017-07-28 09:27:07[org.hibernate.tool.hbm2ddl.SchemaUpdate] [main:5222] - [INFO]  HHH000228: Running hbm2ddl schema update
2017-07-28 09:27:08[org.springframework.orm.hibernate5.HibernateTransactionManager] [main:7013] - [INFO]  Using DataSource [com.mchange.v2.c3p0.ComboPooledDataSource[ identityToken -> 1bqudj89p11eipm14ad22i|2fc6f97f, dataSourceName -> 1bqudj89p11eipm14ad22i|2fc6f97f ]] of Hibernate SessionFactory for HibernateTransactionManager
2017-07-28 09:27:11[org.springframework.context.support.ClassPathXmlApplicationContext] [main:9168] - [WARN]  Exception encountered during context initialization - cancelling refresh attempt: org.springframework.beans.factory.BeanCreationException: Error creating bean with name 'jdbcTemplateTool' defined in class path resource [applicationContext.xml]: Error setting property values; nested exception is org.springframework.beans.NotWritablePropertyException: Invalid property 'dataSource' of bean class [org.crazycake.jdbcTemplateTool.JdbcTemplateTool]: Bean property 'dataSource' is not writable or has an invalid setter method. Does the parameter type of the setter match the return type of the getter?
2017-07-28 09:31:34[org.springframework.context.support.ClassPathXmlApplicationContext] [main:0] - [INFO]  Refreshing org.springframework.context.support.ClassPathXmlApplicationContext@80503: startup date [Fri Jul 28 09:31:34 CST 2017]; root of context hierarchy
2017-07-28 09:31:34[org.springframework.beans.factory.xml.XmlBeanDefinitionReader] [main:41] - [INFO]  Loading XML bean definitions from class path resource [applicationContext.xml]
2017-07-28 09:31:34[org.springframework.beans.factory.config.PropertyPlaceholderConfigurer] [main:376] - [INFO]  Loading properties file from class path resource [init.properties]
2017-07-28 09:31:35[com.mchange.v2.log.MLog] [MLog-Init-Reporter:434] - [INFO]  MLog clients using slf4j logging.
2017-07-28 09:31:35[com.mchange.v2.c3p0.C3P0Registry] [main:606] - [INFO]  Initializing c3p0-0.9.5.2 [built 08-December-2015 22:06:04 -0800; debug? true; trace: 10]
2017-07-28 09:31:35[org.hibernate.Version] [main:980] - [INFO]  HHH000412: Hibernate Core {5.0.8.Final}
2017-07-28 09:31:35[org.hibernate.cfg.Environment] [main:981] - [INFO]  HHH000206: hibernate.properties not found
2017-07-28 09:31:35[org.hibernate.cfg.Environment] [main:982] - [INFO]  HHH000021: Bytecode provider name : javassist
2017-07-28 09:31:35[org.hibernate.annotations.common.Version] [main:1048] - [INFO]  HCANN000001: Hibernate Commons Annotations {5.0.1.Final}
2017-07-28 09:31:35[com.mchange.v2.c3p0.impl.AbstractPoolBackedDataSource] [main:1151] - [INFO]  Initializing c3p0 pool... com.mchange.v2.c3p0.ComboPooledDataSource [ acquireIncrement -> 5, acquireRetryAttempts -> 30, acquireRetryDelay -> 1000, autoCommitOnClose -> false, automaticTestTable -> null, breakAfterAcquireFailure -> false, checkoutTimeout -> 30000, connectionCustomizerClassName -> null, connectionTesterClassName -> com.mchange.v2.c3p0.impl.DefaultConnectionTester, contextClassLoaderSource -> caller, dataSourceName -> 1bqudj89p11eojz31cvqb57|2fc6f97f, debugUnreturnedConnectionStackTraces -> false, description -> null, driverClass -> com.mysql.jdbc.Driver, extensions -> {}, factoryClassLocation -> null, forceIgnoreUnresolvedTransactions -> false, forceSynchronousCheckins -> false, forceUseNamedDriverClass -> false, identityToken -> 1bqudj89p11eojz31cvqb57|2fc6f97f, idleConnectionTestPeriod -> 30, initialPoolSize -> 5, jdbcUrl -> jdbc:mysql://127.0.0.1:3306/yugh?useUnicode=true&characterEncoding=utf-8, maxAdministrativeTaskTime -> 0, maxConnectionAge -> 0, maxIdleTime -> 30, maxIdleTimeExcessConnections -> 0, maxPoolSize -> 20, maxStatements -> 0, maxStatementsPerConnection -> 0, minPoolSize -> 5, numHelperThreads -> 3, preferredTestQuery -> null, privilegeSpawnedThreads -> false, properties -> {user=******, password=******}, propertyCycle -> 0, statementCacheNumDeferredCloseThreads -> 0, testConnectionOnCheckin -> false, testConnectionOnCheckout -> false, unreturnedConnectionTimeout -> 0, userOverrides -> {}, usesTraditionalReflectiveProxies -> false ]
2017-07-28 09:31:36[org.hibernate.dialect.Dialect] [main:2266] - [INFO]  HHH000400: Using dialect: org.hibernate.dialect.MySQLDialect
2017-07-28 09:31:36[org.hibernate.engine.jdbc.env.internal.LobCreatorBuilderImpl] [main:2308] - [INFO]  HHH000423: Disabling contextual LOB creation as JDBC driver reported JDBC version [3] less than 4
2017-07-28 09:31:37[org.hibernate.tool.hbm2ddl.SchemaUpdate] [main:3365] - [INFO]  HHH000228: Running hbm2ddl schema update
2017-07-28 09:31:38[org.springframework.orm.hibernate5.HibernateTransactionManager] [main:4007] - [INFO]  Using DataSource [com.mchange.v2.c3p0.ComboPooledDataSource[ identityToken -> 1bqudj89p11eojz31cvqb57|2fc6f97f, dataSourceName -> 1bqudj89p11eojz31cvqb57|2fc6f97f ]] of Hibernate SessionFactory for HibernateTransactionManager
2017-07-28 09:31:39[org.springframework.context.support.ClassPathXmlApplicationContext] [main:5123] - [WARN]  Exception encountered during context initialization - cancelling refresh attempt: org.springframework.beans.factory.BeanCreationException: Error creating bean with name 'jdbcTemplateTool' defined in class path resource [applicationContext.xml]: Error setting property values; nested exception is org.springframework.beans.NotWritablePropertyException: Invalid property 'dataSource' of bean class [org.crazycake.jdbcTemplateTool.JdbcTemplateTool]: Bean property 'dataSource' is not writable or has an invalid setter method. Does the parameter type of the setter match the return type of the getter?
2017-07-28 09:34:23[org.springframework.context.support.ClassPathXmlApplicationContext] [main:0] - [INFO]  Refreshing org.springframework.context.support.ClassPathXmlApplicationContext@80503: startup date [Fri Jul 28 09:34:23 CST 2017]; root of context hierarchy
2017-07-28 09:34:23[org.springframework.beans.factory.xml.XmlBeanDefinitionReader] [main:40] - [INFO]  Loading XML bean definitions from class path resource [applicationContext.xml]
2017-07-28 09:34:23[org.springframework.beans.factory.config.PropertyPlaceholderConfigurer] [main:383] - [INFO]  Loading properties file from class path resource [init.properties]
2017-07-28 09:34:23[com.mchange.v2.log.MLog] [MLog-Init-Reporter:446] - [INFO]  MLog clients using slf4j logging.
2017-07-28 09:34:23[com.mchange.v2.c3p0.C3P0Registry] [main:618] - [INFO]  Initializing c3p0-0.9.5.2 [built 08-December-2015 22:06:04 -0800; debug? true; trace: 10]
2017-07-28 09:34:24[org.hibernate.Version] [main:999] - [INFO]  HHH000412: Hibernate Core {5.0.8.Final}
2017-07-28 09:34:24[org.hibernate.cfg.Environment] [main:1000] - [INFO]  HHH000206: hibernate.properties not found
2017-07-28 09:34:24[org.hibernate.cfg.Environment] [main:1001] - [INFO]  HHH000021: Bytecode provider name : javassist
2017-07-28 09:34:24[org.hibernate.annotations.common.Version] [main:1070] - [INFO]  HCANN000001: Hibernate Commons Annotations {5.0.1.Final}
2017-07-28 09:34:24[com.mchange.v2.c3p0.impl.AbstractPoolBackedDataSource] [main:1175] - [INFO]  Initializing c3p0 pool... com.mchange.v2.c3p0.ComboPooledDataSource [ acquireIncrement -> 5, acquireRetryAttempts -> 30, acquireRetryDelay -> 1000, autoCommitOnClose -> false, automaticTestTable -> null, breakAfterAcquireFailure -> false, checkoutTimeout -> 30000, connectionCustomizerClassName -> null, connectionTesterClassName -> com.mchange.v2.c3p0.impl.DefaultConnectionTester, contextClassLoaderSource -> caller, dataSourceName -> 1bqudj89p11es63znqt4ru|2fc6f97f, debugUnreturnedConnectionStackTraces -> false, description -> null, driverClass -> com.mysql.jdbc.Driver, extensions -> {}, factoryClassLocation -> null, forceIgnoreUnresolvedTransactions -> false, forceSynchronousCheckins -> false, forceUseNamedDriverClass -> false, identityToken -> 1bqudj89p11es63znqt4ru|2fc6f97f, idleConnectionTestPeriod -> 30, initialPoolSize -> 5, jdbcUrl -> jdbc:mysql://127.0.0.1:3306/yugh?useUnicode=true&characterEncoding=utf-8, maxAdministrativeTaskTime -> 0, maxConnectionAge -> 0, maxIdleTime -> 30, maxIdleTimeExcessConnections -> 0, maxPoolSize -> 20, maxStatements -> 0, maxStatementsPerConnection -> 0, minPoolSize -> 5, numHelperThreads -> 3, preferredTestQuery -> null, privilegeSpawnedThreads -> false, properties -> {user=******, password=******}, propertyCycle -> 0, statementCacheNumDeferredCloseThreads -> 0, testConnectionOnCheckin -> false, testConnectionOnCheckout -> false, unreturnedConnectionTimeout -> 0, userOverrides -> {}, usesTraditionalReflectiveProxies -> false ]
2017-07-28 09:34:25[org.hibernate.dialect.Dialect] [main:2270] - [INFO]  HHH000400: Using dialect: org.hibernate.dialect.MySQLDialect
2017-07-28 09:34:25[org.hibernate.engine.jdbc.env.internal.LobCreatorBuilderImpl] [main:2310] - [INFO]  HHH000423: Disabling contextual LOB creation as JDBC driver reported JDBC version [3] less than 4
2017-07-28 09:34:26[org.hibernate.tool.hbm2ddl.SchemaUpdate] [main:3570] - [INFO]  HHH000228: Running hbm2ddl schema update
2017-07-28 09:34:28[org.springframework.orm.hibernate5.HibernateTransactionManager] [main:4907] - [INFO]  Using DataSource [com.mchange.v2.c3p0.ComboPooledDataSource[ identityToken -> 1bqudj89p11es63znqt4ru|2fc6f97f, dataSourceName -> 1bqudj89p11es63znqt4ru|2fc6f97f ]] of Hibernate SessionFactory for HibernateTransactionManager
2017-07-28 09:34:29[org.springframework.context.support.ClassPathXmlApplicationContext] [main:6241] - [WARN]  Exception encountered during context initialization - cancelling refresh attempt: org.springframework.beans.factory.BeanCreationException: Error creating bean with name 'jdbcTemplateTool' defined in class path resource [applicationContext.xml]: Error setting property values; nested exception is org.springframework.beans.NotWritablePropertyException: Invalid property 'dataSource' of bean class [org.crazycake.jdbcTemplateTool.JdbcTemplateTool]: Bean property 'dataSource' is not writable or has an invalid setter method. Does the parameter type of the setter match the return type of the getter?
2017-07-28 09:35:25[org.springframework.context.support.ClassPathXmlApplicationContext] [main:0] - [INFO]  Refreshing org.springframework.context.support.ClassPathXmlApplicationContext@80503: startup date [Fri Jul 28 09:35:25 CST 2017]; root of context hierarchy
2017-07-28 09:35:25[org.springframework.beans.factory.xml.XmlBeanDefinitionReader] [main:40] - [INFO]  Loading XML bean definitions from class path resource [applicationContext.xml]
2017-07-28 09:35:25[org.springframework.beans.factory.config.PropertyPlaceholderConfigurer] [main:377] - [INFO]  Loading properties file from class path resource [init.properties]
2017-07-28 09:35:26[com.mchange.v2.log.MLog] [MLog-Init-Reporter:437] - [INFO]  MLog clients using slf4j logging.
2017-07-28 09:35:26[com.mchange.v2.c3p0.C3P0Registry] [main:605] - [INFO]  Initializing c3p0-0.9.5.2 [built 08-December-2015 22:06:04 -0800; debug? true; trace: 10]
2017-07-28 09:35:26[org.hibernate.Version] [main:1009] - [INFO]  HHH000412: Hibernate Core {5.0.8.Final}
2017-07-28 09:35:26[org.hibernate.cfg.Environment] [main:1011] - [INFO]  HHH000206: hibernate.properties not found
2017-07-28 09:35:26[org.hibernate.cfg.Environment] [main:1012] - [INFO]  HHH000021: Bytecode provider name : javassist
2017-07-28 09:35:26[org.hibernate.annotations.common.Version] [main:1087] - [INFO]  HCANN000001: Hibernate Commons Annotations {5.0.1.Final}
2017-07-28 09:35:26[com.mchange.v2.c3p0.impl.AbstractPoolBackedDataSource] [main:1197] - [INFO]  Initializing c3p0 pool... com.mchange.v2.c3p0.ComboPooledDataSource [ acquireIncrement -> 5, acquireRetryAttempts -> 30, acquireRetryDelay -> 1000, autoCommitOnClose -> false, automaticTestTable -> null, breakAfterAcquireFailure -> false, checkoutTimeout -> 30000, connectionCustomizerClassName -> null, connectionTesterClassName -> com.mchange.v2.c3p0.impl.DefaultConnectionTester, contextClassLoaderSource -> caller, dataSourceName -> 1bqudj89p11eti7m1nn3v8k|6179e425, debugUnreturnedConnectionStackTraces -> false, description -> null, driverClass -> com.mysql.jdbc.Driver, extensions -> {}, factoryClassLocation -> null, forceIgnoreUnresolvedTransactions -> false, forceSynchronousCheckins -> false, forceUseNamedDriverClass -> false, identityToken -> 1bqudj89p11eti7m1nn3v8k|6179e425, idleConnectionTestPeriod -> 30, initialPoolSize -> 5, jdbcUrl -> jdbc:mysql://127.0.0.1:3306/yugh?useUnicode=true&characterEncoding=utf-8, maxAdministrativeTaskTime -> 0, maxConnectionAge -> 0, maxIdleTime -> 30, maxIdleTimeExcessConnections -> 0, maxPoolSize -> 20, maxStatements -> 0, maxStatementsPerConnection -> 0, minPoolSize -> 5, numHelperThreads -> 3, preferredTestQuery -> null, privilegeSpawnedThreads -> false, properties -> {user=******, password=******}, propertyCycle -> 0, statementCacheNumDeferredCloseThreads -> 0, testConnectionOnCheckin -> false, testConnectionOnCheckout -> false, unreturnedConnectionTimeout -> 0, userOverrides -> {}, usesTraditionalReflectiveProxies -> false ]
2017-07-28 09:35:27[org.hibernate.dialect.Dialect] [main:2201] - [INFO]  HHH000400: Using dialect: org.hibernate.dialect.MySQLDialect
2017-07-28 09:35:27[org.hibernate.engine.jdbc.env.internal.LobCreatorBuilderImpl] [main:2246] - [INFO]  HHH000423: Disabling contextual LOB creation as JDBC driver reported JDBC version [3] less than 4
2017-07-28 09:35:29[org.hibernate.tool.hbm2ddl.SchemaUpdate] [main:3421] - [INFO]  HHH000228: Running hbm2ddl schema update
2017-07-28 09:35:29[org.springframework.orm.hibernate5.HibernateTransactionManager] [main:4212] - [INFO]  Using DataSource [com.mchange.v2.c3p0.ComboPooledDataSource[ identityToken -> 1bqudj89p11eti7m1nn3v8k|6179e425, dataSourceName -> 1bqudj89p11eti7m1nn3v8k|6179e425 ]] of Hibernate SessionFactory for HibernateTransactionManager
2017-07-28 09:35:56[org.springframework.context.support.ClassPathXmlApplicationContext] [main:0] - [INFO]  Refreshing org.springframework.context.support.ClassPathXmlApplicationContext@3339ad8e: startup date [Fri Jul 28 09:35:56 CST 2017]; root of context hierarchy
2017-07-28 09:35:56[org.springframework.beans.factory.xml.XmlBeanDefinitionReader] [main:34] - [INFO]  Loading XML bean definitions from class path resource [applicationContext.xml]
2017-07-28 09:35:57[org.springframework.beans.factory.config.PropertyPlaceholderConfigurer] [main:322] - [INFO]  Loading properties file from class path resource [init.properties]
2017-07-28 09:35:57[com.mchange.v2.log.MLog] [MLog-Init-Reporter:369] - [INFO]  MLog clients using slf4j logging.
2017-07-28 09:35:57[com.mchange.v2.c3p0.C3P0Registry] [main:528] - [INFO]  Initializing c3p0-0.9.5.2 [built 08-December-2015 22:06:04 -0800; debug? true; trace: 10]
2017-07-28 09:35:57[org.hibernate.Version] [main:833] - [INFO]  HHH000412: Hibernate Core {5.0.8.Final}
2017-07-28 09:35:57[org.hibernate.cfg.Environment] [main:834] - [INFO]  HHH000206: hibernate.properties not found
2017-07-28 09:35:57[org.hibernate.cfg.Environment] [main:835] - [INFO]  HHH000021: Bytecode provider name : javassist
2017-07-28 09:35:57[org.hibernate.annotations.common.Version] [main:891] - [INFO]  HCANN000001: Hibernate Commons Annotations {5.0.1.Final}
2017-07-28 09:35:57[com.mchange.v2.c3p0.impl.AbstractPoolBackedDataSource] [main:966] - [INFO]  Initializing c3p0 pool... com.mchange.v2.c3p0.ComboPooledDataSource [ acquireIncrement -> 5, acquireRetryAttempts -> 30, acquireRetryDelay -> 1000, autoCommitOnClose -> false, automaticTestTable -> null, breakAfterAcquireFailure -> false, checkoutTimeout -> 30000, connectionCustomizerClassName -> null, connectionTesterClassName -> com.mchange.v2.c3p0.impl.DefaultConnectionTester, contextClassLoaderSource -> caller, dataSourceName -> 1bqudj89p11eu67t29keo4|17a7f733, debugUnreturnedConnectionStackTraces -> false, description -> null, driverClass -> com.mysql.jdbc.Driver, extensions -> {}, factoryClassLocation -> null, forceIgnoreUnresolvedTransactions -> false, forceSynchronousCheckins -> false, forceUseNamedDriverClass -> false, identityToken -> 1bqudj89p11eu67t29keo4|17a7f733, idleConnectionTestPeriod -> 30, initialPoolSize -> 5, jdbcUrl -> jdbc:mysql://127.0.0.1:3306/yugh?useUnicode=true&characterEncoding=utf-8, maxAdministrativeTaskTime -> 0, maxConnectionAge -> 0, maxIdleTime -> 30, maxIdleTimeExcessConnections -> 0, maxPoolSize -> 20, maxStatements -> 0, maxStatementsPerConnection -> 0, minPoolSize -> 5, numHelperThreads -> 3, preferredTestQuery -> null, privilegeSpawnedThreads -> false, properties -> {user=******, password=******}, propertyCycle -> 0, statementCacheNumDeferredCloseThreads -> 0, testConnectionOnCheckin -> false, testConnectionOnCheckout -> false, unreturnedConnectionTimeout -> 0, userOverrides -> {}, usesTraditionalReflectiveProxies -> false ]
2017-07-28 09:35:57[org.hibernate.dialect.Dialect] [main:1180] - [INFO]  HHH000400: Using dialect: org.hibernate.dialect.MySQLDialect
2017-07-28 09:35:57[org.hibernate.engine.jdbc.env.internal.LobCreatorBuilderImpl] [main:1210] - [INFO]  HHH000423: Disabling contextual LOB creation as JDBC driver reported JDBC version [3] less than 4
2017-07-28 09:35:58[org.hibernate.tool.hbm2ddl.SchemaUpdate] [main:1320] - [INFO]  HHH000228: Running hbm2ddl schema update
2017-07-28 09:35:58[org.springframework.orm.hibernate5.HibernateTransactionManager] [main:1374] - [INFO]  Using DataSource [com.mchange.v2.c3p0.ComboPooledDataSource[ identityToken -> 1bqudj89p11eu67t29keo4|17a7f733, dataSourceName -> 1bqudj89p11eu67t29keo4|17a7f733 ]] of Hibernate SessionFactory for HibernateTransactionManager
2017-07-28 09:36:17[org.springframework.context.support.ClassPathXmlApplicationContext] [main:0] - [INFO]  Refreshing org.springframework.context.support.ClassPathXmlApplicationContext@7a765367: startup date [Fri Jul 28 09:36:17 CST 2017]; root of context hierarchy
2017-07-28 09:36:17[org.springframework.beans.factory.xml.XmlBeanDefinitionReader] [main:42] - [INFO]  Loading XML bean definitions from class path resource [applicationContext.xml]
2017-07-28 09:36:17[org.springframework.beans.factory.config.PropertyPlaceholderConfigurer] [main:386] - [INFO]  Loading properties file from class path resource [init.properties]
2017-07-28 09:36:17[com.mchange.v2.log.MLog] [MLog-Init-Reporter:447] - [INFO]  MLog clients using slf4j logging.
2017-07-28 09:36:17[com.mchange.v2.c3p0.C3P0Registry] [main:617] - [INFO]  Initializing c3p0-0.9.5.2 [built 08-December-2015 22:06:04 -0800; debug? true; trace: 10]
2017-07-28 09:36:18[org.hibernate.Version] [main:991] - [INFO]  HHH000412: Hibernate Core {5.0.8.Final}
2017-07-28 09:36:18[org.hibernate.cfg.Environment] [main:992] - [INFO]  HHH000206: hibernate.properties not found
2017-07-28 09:36:18[org.hibernate.cfg.Environment] [main:993] - [INFO]  HHH000021: Bytecode provider name : javassist
2017-07-28 09:36:18[org.hibernate.annotations.common.Version] [main:1060] - [INFO]  HCANN000001: Hibernate Commons Annotations {5.0.1.Final}
2017-07-28 09:36:18[com.mchange.v2.c3p0.impl.AbstractPoolBackedDataSource] [main:1162] - [INFO]  Initializing c3p0 pool... com.mchange.v2.c3p0.ComboPooledDataSource [ acquireIncrement -> 5, acquireRetryAttempts -> 30, acquireRetryDelay -> 1000, autoCommitOnClose -> false, automaticTestTable -> null, breakAfterAcquireFailure -> false, checkoutTimeout -> 30000, connectionCustomizerClassName -> null, connectionTesterClassName -> com.mchange.v2.c3p0.impl.DefaultConnectionTester, contextClassLoaderSource -> caller, dataSourceName -> 1bqudj89p11eum641owy88r|6179e425, debugUnreturnedConnectionStackTraces -> false, description -> null, driverClass -> com.mysql.jdbc.Driver, extensions -> {}, factoryClassLocation -> null, forceIgnoreUnresolvedTransactions -> false, forceSynchronousCheckins -> false, forceUseNamedDriverClass -> false, identityToken -> 1bqudj89p11eum641owy88r|6179e425, idleConnectionTestPeriod -> 30, initialPoolSize -> 5, jdbcUrl -> jdbc:mysql://127.0.0.1:3306/yugh?useUnicode=true&characterEncoding=utf-8, maxAdministrativeTaskTime -> 0, maxConnectionAge -> 0, maxIdleTime -> 30, maxIdleTimeExcessConnections -> 0, maxPoolSize -> 20, maxStatements -> 0, maxStatementsPerConnection -> 0, minPoolSize -> 5, numHelperThreads -> 3, preferredTestQuery -> null, privilegeSpawnedThreads -> false, properties -> {user=******, password=******}, propertyCycle -> 0, statementCacheNumDeferredCloseThreads -> 0, testConnectionOnCheckin -> false, testConnectionOnCheckout -> false, unreturnedConnectionTimeout -> 0, userOverrides -> {}, usesTraditionalReflectiveProxies -> false ]
2017-07-28 09:36:19[org.hibernate.dialect.Dialect] [main:2140] - [INFO]  HHH000400: Using dialect: org.hibernate.dialect.MySQLDialect
2017-07-28 09:36:19[org.hibernate.engine.jdbc.env.internal.LobCreatorBuilderImpl] [main:2178] - [INFO]  HHH000423: Disabling contextual LOB creation as JDBC driver reported JDBC version [3] less than 4
2017-07-28 09:36:20[org.hibernate.tool.hbm2ddl.SchemaUpdate] [main:3587] - [INFO]  HHH000228: Running hbm2ddl schema update
2017-07-28 09:36:22[org.springframework.orm.hibernate5.HibernateTransactionManager] [main:4859] - [INFO]  Using DataSource [com.mchange.v2.c3p0.ComboPooledDataSource[ identityToken -> 1bqudj89p11eum641owy88r|6179e425, dataSourceName -> 1bqudj89p11eum641owy88r|6179e425 ]] of Hibernate SessionFactory for HibernateTransactionManager
2017-07-28 09:37:08[com.mchange.v2.async.ThreadPoolAsynchronousRunner] [C3P0PooledConnectionPoolManager[identityToken->1bqudj89p11eum641owy88r|6179e425]-AdminTaskTimer:51151] - [WARN]  com.mchange.v2.async.ThreadPoolAsynchronousRunner$DeadlockDetector@e3ddfa2 -- APPARENT DEADLOCK!!! Creating emergency threads for unassigned pending tasks!
2017-07-28 09:37:08[com.mchange.v2.async.ThreadPoolAsynchronousRunner] [C3P0PooledConnectionPoolManager[identityToken->1bqudj89p11eum641owy88r|6179e425]-AdminTaskTimer:51153] - [WARN]  com.mchange.v2.async.ThreadPoolAsynchronousRunner$DeadlockDetector@e3ddfa2 -- APPARENT DEADLOCK!!! Complete Status: 
	Managed Threads: 3
	Active Threads: 3
	Active Tasks: 
		com.mchange.v2.resourcepool.BasicResourcePool$1DestroyResourceTask@15397241
			on thread: C3P0PooledConnectionPoolManager[identityToken->1bqudj89p11eum641owy88r|6179e425]-HelperThread-#0
		com.mchange.v2.resourcepool.BasicResourcePool$1RefurbishCheckinResourceTask@cacc199
			on thread: C3P0PooledConnectionPoolManager[identityToken->1bqudj89p11eum641owy88r|6179e425]-HelperThread-#2
		com.mchange.v2.resourcepool.BasicResourcePool$1DestroyResourceTask@4321e04d
			on thread: C3P0PooledConnectionPoolManager[identityToken->1bqudj89p11eum641owy88r|6179e425]-HelperThread-#1
	Pending Tasks: 
		com.mchange.v2.resourcepool.BasicResourcePool$1DestroyResourceTask@7d9ae62d
		com.mchange.v2.resourcepool.BasicResourcePool$1DestroyResourceTask@236f28a5
		com.mchange.v2.resourcepool.BasicResourcePool$ScatteredAcquireTask@49a59558
		com.mchange.v2.resourcepool.BasicResourcePool$ScatteredAcquireTask@54a27a9
		com.mchange.v2.resourcepool.BasicResourcePool$ScatteredAcquireTask@2fcb02a3
		com.mchange.v2.resourcepool.BasicResourcePool$ScatteredAcquireTask@753b2dff
Pool thread stack traces:
	Thread[C3P0PooledConnectionPoolManager[identityToken->1bqudj89p11eum641owy88r|6179e425]-HelperThread-#0,5,main]
		com.mchange.v2.c3p0.impl.NewPooledConnection.close(NewPooledConnection.java:607)
		com.mchange.v2.c3p0.impl.NewPooledConnection.closeMaybeCheckedOut(NewPooledConnection.java:255)
		com.mchange.v2.c3p0.impl.C3P0PooledConnectionPool$1PooledConnectionResourcePoolManager.destroyResource(C3P0PooledConnectionPool.java:622)
		com.mchange.v2.resourcepool.BasicResourcePool$1DestroyResourceTask.run(BasicResourcePool.java:1076)
		com.mchange.v2.async.ThreadPoolAsynchronousRunner$PoolThread.run(ThreadPoolAsynchronousRunner.java:696)
	Thread[C3P0PooledConnectionPoolManager[identityToken->1bqudj89p11eum641owy88r|6179e425]-HelperThread-#2,5,main]
		com.mchange.v2.c3p0.impl.NewPooledConnection.checkinAllCachedStatements(NewPooledConnection.java:771)
		com.mchange.v2.c3p0.impl.NewPooledConnection.markClosedProxyConnection(NewPooledConnection.java:402)
		com.mchange.v2.c3p0.impl.NewProxyConnection.close(NewProxyConnection.java:87)
		com.mchange.v1.db.sql.ConnectionUtils.attemptClose(ConnectionUtils.java:53)
		com.mchange.v2.c3p0.impl.C3P0PooledConnectionPool$1PooledConnectionResourcePoolManager.refurbishResourceOnCheckin(C3P0PooledConnectionPool.java:421)
		com.mchange.v2.resourcepool.BasicResourcePool.attemptRefurbishResourceOnCheckin(BasicResourcePool.java:1760)
		com.mchange.v2.resourcepool.BasicResourcePool.access$200(BasicResourcePool.java:44)
		com.mchange.v2.resourcepool.BasicResourcePool$1RefurbishCheckinResourceTask.run(BasicResourcePool.java:1378)
		com.mchange.v2.async.ThreadPoolAsynchronousRunner$PoolThread.run(ThreadPoolAsynchronousRunner.java:696)
	Thread[C3P0PooledConnectionPoolManager[identityToken->1bqudj89p11eum641owy88r|6179e425]-HelperThread-#1,5,main]
		com.mchange.v2.c3p0.impl.NewPooledConnection.close(NewPooledConnection.java:607)
		com.mchange.v2.c3p0.impl.NewPooledConnection.closeMaybeCheckedOut(NewPooledConnection.java:255)
		com.mchange.v2.c3p0.impl.C3P0PooledConnectionPool$1PooledConnectionResourcePoolManager.destroyResource(C3P0PooledConnectionPool.java:622)
		com.mchange.v2.resourcepool.BasicResourcePool$1DestroyResourceTask.run(BasicResourcePool.java:1076)
		com.mchange.v2.async.ThreadPoolAsynchronousRunner$PoolThread.run(ThreadPoolAsynchronousRunner.java:696)

2017-07-28 09:38:23[com.mchange.v2.async.ThreadPoolAsynchronousRunner] [C3P0PooledConnectionPoolManager[identityToken->1bqudj89p11eum641owy88r|6179e425]-AdminTaskTimer:126155] - [WARN]  Task com.mchange.v2.resourcepool.BasicResourcePool$1DestroyResourceTask@15397241 (in deadlocked PoolThread) failed to complete in maximum time 60000ms. Trying interrupt().
2017-07-28 09:38:23[com.mchange.v2.async.ThreadPoolAsynchronousRunner] [C3P0PooledConnectionPoolManager[identityToken->1bqudj89p11eum641owy88r|6179e425]-AdminTaskTimer:126155] - [WARN]  Task com.mchange.v2.resourcepool.BasicResourcePool$1RefurbishCheckinResourceTask@cacc199 (in deadlocked PoolThread) failed to complete in maximum time 60000ms. Trying interrupt().
2017-07-28 09:38:23[com.mchange.v2.async.ThreadPoolAsynchronousRunner] [C3P0PooledConnectionPoolManager[identityToken->1bqudj89p11eum641owy88r|6179e425]-AdminTaskTimer:126155] - [WARN]  Task com.mchange.v2.resourcepool.BasicResourcePool$1DestroyResourceTask@4321e04d (in deadlocked PoolThread) failed to complete in maximum time 60000ms. Trying interrupt().
2017-07-28 09:40:20[org.springframework.context.support.ClassPathXmlApplicationContext] [main:0] - [INFO]  Refreshing org.springframework.context.support.ClassPathXmlApplicationContext@7a765367: startup date [Fri Jul 28 09:40:20 CST 2017]; root of context hierarchy
2017-07-28 09:40:20[org.springframework.beans.factory.xml.XmlBeanDefinitionReader] [main:41] - [INFO]  Loading XML bean definitions from class path resource [applicationContext.xml]
2017-07-28 09:40:20[org.springframework.beans.factory.config.PropertyPlaceholderConfigurer] [main:377] - [INFO]  Loading properties file from class path resource [init.properties]
2017-07-28 09:40:20[com.mchange.v2.log.MLog] [MLog-Init-Reporter:436] - [INFO]  MLog clients using slf4j logging.
2017-07-28 09:40:20[com.mchange.v2.c3p0.C3P0Registry] [main:612] - [INFO]  Initializing c3p0-0.9.5.2 [built 08-December-2015 22:06:04 -0800; debug? true; trace: 10]
2017-07-28 09:40:21[org.hibernate.Version] [main:1004] - [INFO]  HHH000412: Hibernate Core {5.0.8.Final}
2017-07-28 09:40:21[org.hibernate.cfg.Environment] [main:1006] - [INFO]  HHH000206: hibernate.properties not found
2017-07-28 09:40:21[org.hibernate.cfg.Environment] [main:1007] - [INFO]  HHH000021: Bytecode provider name : javassist
2017-07-28 09:40:21[org.hibernate.annotations.common.Version] [main:1076] - [INFO]  HCANN000001: Hibernate Commons Annotations {5.0.1.Final}
2017-07-28 09:40:21[com.mchange.v2.c3p0.impl.AbstractPoolBackedDataSource] [main:1181] - [INFO]  Initializing c3p0 pool... com.mchange.v2.c3p0.ComboPooledDataSource [ acquireIncrement -> 5, acquireRetryAttempts -> 30, acquireRetryDelay -> 1000, autoCommitOnClose -> false, automaticTestTable -> null, breakAfterAcquireFailure -> false, checkoutTimeout -> 30000, connectionCustomizerClassName -> null, connectionTesterClassName -> com.mchange.v2.c3p0.impl.DefaultConnectionTester, contextClassLoaderSource -> caller, dataSourceName -> 1bqudj89p11eztirtf6psv|6179e425, debugUnreturnedConnectionStackTraces -> false, description -> null, driverClass -> com.mysql.jdbc.Driver, extensions -> {}, factoryClassLocation -> null, forceIgnoreUnresolvedTransactions -> false, forceSynchronousCheckins -> false, forceUseNamedDriverClass -> false, identityToken -> 1bqudj89p11eztirtf6psv|6179e425, idleConnectionTestPeriod -> 30, initialPoolSize -> 5, jdbcUrl -> jdbc:mysql://127.0.0.1:3306/yugh?useUnicode=true&characterEncoding=utf-8, maxAdministrativeTaskTime -> 0, maxConnectionAge -> 0, maxIdleTime -> 30, maxIdleTimeExcessConnections -> 0, maxPoolSize -> 20, maxStatements -> 0, maxStatementsPerConnection -> 0, minPoolSize -> 5, numHelperThreads -> 3, preferredTestQuery -> null, privilegeSpawnedThreads -> false, properties -> {user=******, password=******}, propertyCycle -> 0, statementCacheNumDeferredCloseThreads -> 0, testConnectionOnCheckin -> false, testConnectionOnCheckout -> false, unreturnedConnectionTimeout -> 0, userOverrides -> {}, usesTraditionalReflectiveProxies -> false ]
2017-07-28 09:40:22[org.hibernate.dialect.Dialect] [main:2628] - [INFO]  HHH000400: Using dialect: org.hibernate.dialect.MySQLDialect
2017-07-28 09:40:22[org.hibernate.engine.jdbc.env.internal.LobCreatorBuilderImpl] [main:2668] - [INFO]  HHH000423: Disabling contextual LOB creation as JDBC driver reported JDBC version [3] less than 4
2017-07-28 09:40:24[org.hibernate.tool.hbm2ddl.SchemaUpdate] [main:4454] - [INFO]  HHH000228: Running hbm2ddl schema update
2017-07-28 09:40:26[org.springframework.orm.hibernate5.HibernateTransactionManager] [main:6487] - [INFO]  Using DataSource [com.mchange.v2.c3p0.ComboPooledDataSource[ identityToken -> 1bqudj89p11eztirtf6psv|6179e425, dataSourceName -> 1bqudj89p11eztirtf6psv|6179e425 ]] of Hibernate SessionFactory for HibernateTransactionManager
2017-07-28 09:42:42[org.springframework.context.support.ClassPathXmlApplicationContext] [main:0] - [INFO]  Refreshing org.springframework.context.support.ClassPathXmlApplicationContext@7a765367: startup date [Fri Jul 28 09:42:42 CST 2017]; root of context hierarchy
2017-07-28 09:42:42[org.springframework.beans.factory.xml.XmlBeanDefinitionReader] [main:42] - [INFO]  Loading XML bean definitions from class path resource [applicationContext.xml]
2017-07-28 09:42:43[org.springframework.beans.factory.config.PropertyPlaceholderConfigurer] [main:388] - [INFO]  Loading properties file from class path resource [init.properties]
2017-07-28 09:42:43[com.mchange.v2.log.MLog] [MLog-Init-Reporter:448] - [INFO]  MLog clients using slf4j logging.
2017-07-28 09:42:43[com.mchange.v2.c3p0.C3P0Registry] [main:621] - [INFO]  Initializing c3p0-0.9.5.2 [built 08-December-2015 22:06:04 -0800; debug? true; trace: 10]
2017-07-28 09:42:43[org.hibernate.Version] [main:979] - [INFO]  HHH000412: Hibernate Core {5.0.8.Final}
2017-07-28 09:42:43[org.hibernate.cfg.Environment] [main:981] - [INFO]  HHH000206: hibernate.properties not found
2017-07-28 09:42:43[org.hibernate.cfg.Environment] [main:982] - [INFO]  HHH000021: Bytecode provider name : javassist
2017-07-28 09:42:43[org.hibernate.annotations.common.Version] [main:1050] - [INFO]  HCANN000001: Hibernate Commons Annotations {5.0.1.Final}
2017-07-28 09:42:44[com.mchange.v2.c3p0.impl.AbstractPoolBackedDataSource] [main:1151] - [INFO]  Initializing c3p0 pool... com.mchange.v2.c3p0.ComboPooledDataSource [ acquireIncrement -> 5, acquireRetryAttempts -> 30, acquireRetryDelay -> 1000, autoCommitOnClose -> false, automaticTestTable -> null, breakAfterAcquireFailure -> false, checkoutTimeout -> 30000, connectionCustomizerClassName -> null, connectionTesterClassName -> com.mchange.v2.c3p0.impl.DefaultConnectionTester, contextClassLoaderSource -> caller, dataSourceName -> 1bqudj89p11f2vlz6nxve5|6179e425, debugUnreturnedConnectionStackTraces -> false, description -> null, driverClass -> com.mysql.jdbc.Driver, extensions -> {}, factoryClassLocation -> null, forceIgnoreUnresolvedTransactions -> false, forceSynchronousCheckins -> false, forceUseNamedDriverClass -> false, identityToken -> 1bqudj89p11f2vlz6nxve5|6179e425, idleConnectionTestPeriod -> 30, initialPoolSize -> 5, jdbcUrl -> jdbc:mysql://127.0.0.1:3306/yugh?useUnicode=true&characterEncoding=utf-8, maxAdministrativeTaskTime -> 0, maxConnectionAge -> 0, maxIdleTime -> 30, maxIdleTimeExcessConnections -> 0, maxPoolSize -> 20, maxStatements -> 0, maxStatementsPerConnection -> 0, minPoolSize -> 5, numHelperThreads -> 3, preferredTestQuery -> null, privilegeSpawnedThreads -> false, properties -> {user=******, password=******}, propertyCycle -> 0, statementCacheNumDeferredCloseThreads -> 0, testConnectionOnCheckin -> false, testConnectionOnCheckout -> false, unreturnedConnectionTimeout -> 0, userOverrides -> {}, usesTraditionalReflectiveProxies -> false ]
2017-07-28 09:42:44[org.hibernate.dialect.Dialect] [main:2141] - [INFO]  HHH000400: Using dialect: org.hibernate.dialect.MySQLDialect
2017-07-28 09:42:45[org.hibernate.engine.jdbc.env.internal.LobCreatorBuilderImpl] [main:2186] - [INFO]  HHH000423: Disabling contextual LOB creation as JDBC driver reported JDBC version [3] less than 4
2017-07-28 09:42:47[org.hibernate.tool.hbm2ddl.SchemaUpdate] [main:4405] - [INFO]  HHH000228: Running hbm2ddl schema update
2017-07-28 09:42:49[org.springframework.orm.hibernate5.HibernateTransactionManager] [main:6373] - [INFO]  Using DataSource [com.mchange.v2.c3p0.ComboPooledDataSource[ identityToken -> 1bqudj89p11f2vlz6nxve5|6179e425, dataSourceName -> 1bqudj89p11f2vlz6nxve5|6179e425 ]] of Hibernate SessionFactory for HibernateTransactionManager
2017-07-28 09:47:33[org.springframework.context.support.ClassPathXmlApplicationContext] [main:0] - [INFO]  Refreshing org.springframework.context.support.ClassPathXmlApplicationContext@7a765367: startup date [Fri Jul 28 09:47:33 CST 2017]; root of context hierarchy
2017-07-28 09:47:33[org.springframework.beans.factory.xml.XmlBeanDefinitionReader] [main:42] - [INFO]  Loading XML bean definitions from class path resource [applicationContext.xml]
2017-07-28 09:47:34[org.springframework.beans.factory.config.PropertyPlaceholderConfigurer] [main:385] - [INFO]  Loading properties file from class path resource [init.properties]
2017-07-28 09:47:34[com.mchange.v2.log.MLog] [MLog-Init-Reporter:445] - [INFO]  MLog clients using slf4j logging.
2017-07-28 09:47:34[com.mchange.v2.c3p0.C3P0Registry] [main:616] - [INFO]  Initializing c3p0-0.9.5.2 [built 08-December-2015 22:06:04 -0800; debug? true; trace: 10]
2017-07-28 09:47:34[org.hibernate.Version] [main:988] - [INFO]  HHH000412: Hibernate Core {5.0.8.Final}
2017-07-28 09:47:34[org.hibernate.cfg.Environment] [main:989] - [INFO]  HHH000206: hibernate.properties not found
2017-07-28 09:47:34[org.hibernate.cfg.Environment] [main:990] - [INFO]  HHH000021: Bytecode provider name : javassist
2017-07-28 09:47:34[org.hibernate.annotations.common.Version] [main:1057] - [INFO]  HCANN000001: Hibernate Commons Annotations {5.0.1.Final}
2017-07-28 09:47:34[com.mchange.v2.c3p0.impl.AbstractPoolBackedDataSource] [main:1159] - [INFO]  Initializing c3p0 pool... com.mchange.v2.c3p0.ComboPooledDataSource [ acquireIncrement -> 5, acquireRetryAttempts -> 30, acquireRetryDelay -> 1000, autoCommitOnClose -> false, automaticTestTable -> null, breakAfterAcquireFailure -> false, checkoutTimeout -> 30000, connectionCustomizerClassName -> null, connectionTesterClassName -> com.mchange.v2.c3p0.impl.DefaultConnectionTester, contextClassLoaderSource -> caller, dataSourceName -> 1bqudj89p11f9440q76psr|67304a40, debugUnreturnedConnectionStackTraces -> false, description -> null, driverClass -> com.mysql.jdbc.Driver, extensions -> {}, factoryClassLocation -> null, forceIgnoreUnresolvedTransactions -> false, forceSynchronousCheckins -> false, forceUseNamedDriverClass -> false, identityToken -> 1bqudj89p11f9440q76psr|67304a40, idleConnectionTestPeriod -> 30, initialPoolSize -> 5, jdbcUrl -> jdbc:mysql://127.0.0.1:3306/yugh?useUnicode=true&characterEncoding=utf-8, maxAdministrativeTaskTime -> 0, maxConnectionAge -> 0, maxIdleTime -> 30, maxIdleTimeExcessConnections -> 0, maxPoolSize -> 20, maxStatements -> 0, maxStatementsPerConnection -> 0, minPoolSize -> 5, numHelperThreads -> 3, preferredTestQuery -> null, privilegeSpawnedThreads -> false, properties -> {user=******, password=******}, propertyCycle -> 0, statementCacheNumDeferredCloseThreads -> 0, testConnectionOnCheckin -> false, testConnectionOnCheckout -> false, unreturnedConnectionTimeout -> 0, userOverrides -> {}, usesTraditionalReflectiveProxies -> false ]
2017-07-28 09:47:36[org.hibernate.dialect.Dialect] [main:2256] - [INFO]  HHH000400: Using dialect: org.hibernate.dialect.MySQLDialect
2017-07-28 09:47:36[org.hibernate.engine.jdbc.env.internal.LobCreatorBuilderImpl] [main:2295] - [INFO]  HHH000423: Disabling contextual LOB creation as JDBC driver reported JDBC version [3] less than 4
2017-07-28 09:47:37[org.hibernate.tool.hbm2ddl.SchemaUpdate] [main:4140] - [INFO]  HHH000228: Running hbm2ddl schema update
2017-07-28 09:47:38[org.springframework.orm.hibernate5.HibernateTransactionManager] [main:4932] - [INFO]  Using DataSource [com.mchange.v2.c3p0.ComboPooledDataSource[ identityToken -> 1bqudj89p11f9440q76psr|67304a40, dataSourceName -> 1bqudj89p11f9440q76psr|67304a40 ]] of Hibernate SessionFactory for HibernateTransactionManager
